[0.245s] Invoking command in '/home/robot/workspace2/team16_ws/src/send_script': PS1=(team16) \[\e]0;\u@\h: \w\a\]${debian_chroot:+($debian_chroot)}\[\033[01;32m\]\u@\h\[\033[00m\]:\[\033[01;34m\]\w\[\033[00m\]\$ PYTHONPATH=/home/robot/workspace2/team16_ws/install/send_script/lib/python3.6/site-packages:${PYTHONPATH} _OLD_VIRTUAL_PS1=\[\e]0;\u@\h: \w\a\]${debian_chroot:+($debian_chroot)}\[\033[01;32m\]\u@\h\[\033[00m\]:\[\033[01;34m\]\w\[\033[00m\]\$ /usr/bin/python3 setup.py egg_info --egg-base ../../build/send_script build --build-base /home/robot/workspace2/team16_ws/build/send_script/build install --prefix /home/robot/workspace2/team16_ws/install/send_script --record /home/robot/workspace2/team16_ws/build/send_script/install.log --single-version-externally-managed
[0.465s] running egg_info
[0.466s] creating ../../build/send_script/send_script.egg-info
[0.466s] writing ../../build/send_script/send_script.egg-info/PKG-INFO
[0.466s] writing dependency_links to ../../build/send_script/send_script.egg-info/dependency_links.txt
[0.467s] writing entry points to ../../build/send_script/send_script.egg-info/entry_points.txt
[0.467s] writing requirements to ../../build/send_script/send_script.egg-info/requires.txt
[0.467s] writing top-level names to ../../build/send_script/send_script.egg-info/top_level.txt
[0.467s] writing manifest file '../../build/send_script/send_script.egg-info/SOURCES.txt'
[0.490s] reading manifest file '../../build/send_script/send_script.egg-info/SOURCES.txt'
[0.491s] writing manifest file '../../build/send_script/send_script.egg-info/SOURCES.txt'
[0.491s] running build
[0.491s] running build_py
[0.491s] creating /home/robot/workspace2/team16_ws/build/send_script/build
[0.491s] creating /home/robot/workspace2/team16_ws/build/send_script/build/lib
[0.491s] creating /home/robot/workspace2/team16_ws/build/send_script/build/lib/send_script
[0.491s] copying send_script/__init__.py -> /home/robot/workspace2/team16_ws/build/send_script/build/lib/send_script
[0.491s] copying send_script/image_sub.py -> /home/robot/workspace2/team16_ws/build/send_script/build/lib/send_script
[0.491s] copying send_script/send_script.py -> /home/robot/workspace2/team16_ws/build/send_script/build/lib/send_script
[0.491s] copying send_script/image_sub_edited.py -> /home/robot/workspace2/team16_ws/build/send_script/build/lib/send_script
[0.492s] copying send_script/img_sub.py -> /home/robot/workspace2/team16_ws/build/send_script/build/lib/send_script
[0.492s] running install
[0.492s] running install_lib
[0.492s] creating /home/robot/workspace2/team16_ws/install/send_script/lib/python3.6/site-packages/send_script
[0.492s] copying /home/robot/workspace2/team16_ws/build/send_script/build/lib/send_script/__init__.py -> /home/robot/workspace2/team16_ws/install/send_script/lib/python3.6/site-packages/send_script
[0.492s] copying /home/robot/workspace2/team16_ws/build/send_script/build/lib/send_script/image_sub.py -> /home/robot/workspace2/team16_ws/install/send_script/lib/python3.6/site-packages/send_script
[0.492s] copying /home/robot/workspace2/team16_ws/build/send_script/build/lib/send_script/send_script.py -> /home/robot/workspace2/team16_ws/install/send_script/lib/python3.6/site-packages/send_script
[0.493s] copying /home/robot/workspace2/team16_ws/build/send_script/build/lib/send_script/image_sub_edited.py -> /home/robot/workspace2/team16_ws/install/send_script/lib/python3.6/site-packages/send_script
[0.493s] copying /home/robot/workspace2/team16_ws/build/send_script/build/lib/send_script/img_sub.py -> /home/robot/workspace2/team16_ws/install/send_script/lib/python3.6/site-packages/send_script
[0.493s] byte-compiling /home/robot/workspace2/team16_ws/install/send_script/lib/python3.6/site-packages/send_script/__init__.py to __init__.cpython-36.pyc
[0.493s] byte-compiling /home/robot/workspace2/team16_ws/install/send_script/lib/python3.6/site-packages/send_script/image_sub.py to image_sub.cpython-36.pyc
[0.494s] byte-compiling /home/robot/workspace2/team16_ws/install/send_script/lib/python3.6/site-packages/send_script/send_script.py to send_script.cpython-36.pyc
[0.494s] byte-compiling /home/robot/workspace2/team16_ws/install/send_script/lib/python3.6/site-packages/send_script/image_sub_edited.py to image_sub_edited.cpython-36.pyc
[0.495s] byte-compiling /home/robot/workspace2/team16_ws/install/send_script/lib/python3.6/site-packages/send_script/img_sub.py to img_sub.cpython-36.pyc
[0.496s] running install_data
[0.496s] creating /home/robot/workspace2/team16_ws/install/send_script/share/ament_index
[0.496s] creating /home/robot/workspace2/team16_ws/install/send_script/share/ament_index/resource_index
[0.496s] creating /home/robot/workspace2/team16_ws/install/send_script/share/ament_index/resource_index/packages
[0.496s] copying resource/send_script -> /home/robot/workspace2/team16_ws/install/send_script/share/ament_index/resource_index/packages
[0.496s] copying package.xml -> /home/robot/workspace2/team16_ws/install/send_script/share/send_script
[0.497s] running install_egg_info
[0.497s] Copying ../../build/send_script/send_script.egg-info to /home/robot/workspace2/team16_ws/install/send_script/lib/python3.6/site-packages/send_script-0.0.0-py3.6.egg-info
[0.498s] running install_scripts
[0.511s] Installing img_sub script to /home/robot/workspace2/team16_ws/install/send_script/lib/send_script
[0.511s] Installing send_script script to /home/robot/workspace2/team16_ws/install/send_script/lib/send_script
[0.511s] writing list of installed files to '/home/robot/workspace2/team16_ws/build/send_script/install.log'
[0.524s] Invoked command in '/home/robot/workspace2/team16_ws/src/send_script' returned '0': PS1=(team16) \[\e]0;\u@\h: \w\a\]${debian_chroot:+($debian_chroot)}\[\033[01;32m\]\u@\h\[\033[00m\]:\[\033[01;34m\]\w\[\033[00m\]\$ PYTHONPATH=/home/robot/workspace2/team16_ws/install/send_script/lib/python3.6/site-packages:${PYTHONPATH} _OLD_VIRTUAL_PS1=\[\e]0;\u@\h: \w\a\]${debian_chroot:+($debian_chroot)}\[\033[01;32m\]\u@\h\[\033[00m\]:\[\033[01;34m\]\w\[\033[00m\]\$ /usr/bin/python3 setup.py egg_info --egg-base ../../build/send_script build --build-base /home/robot/workspace2/team16_ws/build/send_script/build install --prefix /home/robot/workspace2/team16_ws/install/send_script --record /home/robot/workspace2/team16_ws/build/send_script/install.log --single-version-externally-managed
