running egg_info
creating ../../build/send_script/send_script.egg-info
writing ../../build/send_script/send_script.egg-info/PKG-INFO
writing dependency_links to ../../build/send_script/send_script.egg-info/dependency_links.txt
writing entry points to ../../build/send_script/send_script.egg-info/entry_points.txt
writing requirements to ../../build/send_script/send_script.egg-info/requires.txt
writing top-level names to ../../build/send_script/send_script.egg-info/top_level.txt
writing manifest file '../../build/send_script/send_script.egg-info/SOURCES.txt'
reading manifest file '../../build/send_script/send_script.egg-info/SOURCES.txt'
writing manifest file '../../build/send_script/send_script.egg-info/SOURCES.txt'
running build
running build_py
creating /home/robot/workspace2/team16_ws/build/send_script/build
creating /home/robot/workspace2/team16_ws/build/send_script/build/lib
creating /home/robot/workspace2/team16_ws/build/send_script/build/lib/send_script
copying send_script/__init__.py -> /home/robot/workspace2/team16_ws/build/send_script/build/lib/send_script
running install
running install_lib
creating /home/robot/workspace2/team16_ws/install/send_script/lib/python3.6/site-packages/send_script
copying /home/robot/workspace2/team16_ws/build/send_script/build/lib/send_script/__init__.py -> /home/robot/workspace2/team16_ws/install/send_script/lib/python3.6/site-packages/send_script
byte-compiling /home/robot/workspace2/team16_ws/install/send_script/lib/python3.6/site-packages/send_script/__init__.py to __init__.cpython-36.pyc
running install_data
creating /home/robot/workspace2/team16_ws/install/send_script/share/ament_index
creating /home/robot/workspace2/team16_ws/install/send_script/share/ament_index/resource_index
creating /home/robot/workspace2/team16_ws/install/send_script/share/ament_index/resource_index/packages
copying resource/send_script -> /home/robot/workspace2/team16_ws/install/send_script/share/ament_index/resource_index/packages
copying package.xml -> /home/robot/workspace2/team16_ws/install/send_script/share/send_script
running install_egg_info
Copying ../../build/send_script/send_script.egg-info to /home/robot/workspace2/team16_ws/install/send_script/lib/python3.6/site-packages/send_script-0.0.0-py3.6.egg-info
running install_scripts
writing list of installed files to '/home/robot/workspace2/team16_ws/build/send_script/install.log'
