[0.235s] Invoking command in '/home/robot/workspace2/team16_ws/src/send_script': PS1=\[\e]0;\u@\h: \w\a\]${debian_chroot:+($debian_chroot)}\[\033[01;32m\]\u@\h\[\033[00m\]:\[\033[01;34m\]\w\[\033[00m\]\$ PYTHONPATH=/home/robot/workspace2/team16_ws/install/send_script/lib/python3.6/site-packages:${PYTHONPATH} /usr/bin/python3 setup.py egg_info --egg-base ../../build/send_script build --build-base /home/robot/workspace2/team16_ws/build/send_script/build install --prefix /home/robot/workspace2/team16_ws/install/send_script --record /home/robot/workspace2/team16_ws/build/send_script/install.log --single-version-externally-managed
[0.452s] running egg_info
[0.452s] creating ../../build/send_script/send_script.egg-info
[0.453s] writing ../../build/send_script/send_script.egg-info/PKG-INFO
[0.453s] writing dependency_links to ../../build/send_script/send_script.egg-info/dependency_links.txt
[0.453s] writing entry points to ../../build/send_script/send_script.egg-info/entry_points.txt
[0.453s] writing requirements to ../../build/send_script/send_script.egg-info/requires.txt
[0.453s] writing top-level names to ../../build/send_script/send_script.egg-info/top_level.txt
[0.453s] writing manifest file '../../build/send_script/send_script.egg-info/SOURCES.txt'
[0.476s] reading manifest file '../../build/send_script/send_script.egg-info/SOURCES.txt'
[0.477s] writing manifest file '../../build/send_script/send_script.egg-info/SOURCES.txt'
[0.478s] running build
[0.478s] running build_py
[0.478s] creating /home/robot/workspace2/team16_ws/build/send_script/build
[0.478s] creating /home/robot/workspace2/team16_ws/build/send_script/build/lib
[0.478s] creating /home/robot/workspace2/team16_ws/build/send_script/build/lib/send_script
[0.478s] copying send_script/__init__.py -> /home/robot/workspace2/team16_ws/build/send_script/build/lib/send_script
[0.478s] running install
[0.478s] running install_lib
[0.478s] creating /home/robot/workspace2/team16_ws/install/send_script/lib/python3.6/site-packages/send_script
[0.478s] copying /home/robot/workspace2/team16_ws/build/send_script/build/lib/send_script/__init__.py -> /home/robot/workspace2/team16_ws/install/send_script/lib/python3.6/site-packages/send_script
[0.479s] byte-compiling /home/robot/workspace2/team16_ws/install/send_script/lib/python3.6/site-packages/send_script/__init__.py to __init__.cpython-36.pyc
[0.479s] running install_data
[0.479s] creating /home/robot/workspace2/team16_ws/install/send_script/share/ament_index
[0.479s] creating /home/robot/workspace2/team16_ws/install/send_script/share/ament_index/resource_index
[0.479s] creating /home/robot/workspace2/team16_ws/install/send_script/share/ament_index/resource_index/packages
[0.479s] copying resource/send_script -> /home/robot/workspace2/team16_ws/install/send_script/share/ament_index/resource_index/packages
[0.479s] copying package.xml -> /home/robot/workspace2/team16_ws/install/send_script/share/send_script
[0.480s] running install_egg_info
[0.481s] Copying ../../build/send_script/send_script.egg-info to /home/robot/workspace2/team16_ws/install/send_script/lib/python3.6/site-packages/send_script-0.0.0-py3.6.egg-info
[0.481s] running install_scripts
[0.494s] writing list of installed files to '/home/robot/workspace2/team16_ws/build/send_script/install.log'
[0.507s] Invoked command in '/home/robot/workspace2/team16_ws/src/send_script' returned '0': PS1=\[\e]0;\u@\h: \w\a\]${debian_chroot:+($debian_chroot)}\[\033[01;32m\]\u@\h\[\033[00m\]:\[\033[01;34m\]\w\[\033[00m\]\$ PYTHONPATH=/home/robot/workspace2/team16_ws/install/send_script/lib/python3.6/site-packages:${PYTHONPATH} /usr/bin/python3 setup.py egg_info --egg-base ../../build/send_script build --build-base /home/robot/workspace2/team16_ws/build/send_script/build install --prefix /home/robot/workspace2/team16_ws/install/send_script --record /home/robot/workspace2/team16_ws/build/send_script/install.log --single-version-externally-managed
