running egg_info
writing ../../build/send_script/send_script.egg-info/PKG-INFO
writing dependency_links to ../../build/send_script/send_script.egg-info/dependency_links.txt
writing entry points to ../../build/send_script/send_script.egg-info/entry_points.txt
writing requirements to ../../build/send_script/send_script.egg-info/requires.txt
writing top-level names to ../../build/send_script/send_script.egg-info/top_level.txt
reading manifest file '../../build/send_script/send_script.egg-info/SOURCES.txt'
writing manifest file '../../build/send_script/send_script.egg-info/SOURCES.txt'
running build
running build_py
running install
running install_lib
byte-compiling /home/robot/workspace2/team16_ws/install/send_script/lib/python3.6/site-packages/send_script/send_script.py to send_script.cpython-36.pyc
running install_data
running install_egg_info
removing '/home/robot/workspace2/team16_ws/install/send_script/lib/python3.6/site-packages/send_script-0.0.0-py3.6.egg-info' (and everything under it)
Copying ../../build/send_script/send_script.egg-info to /home/robot/workspace2/team16_ws/install/send_script/lib/python3.6/site-packages/send_script-0.0.0-py3.6.egg-info
running install_scripts
Installing img_sub script to /home/robot/workspace2/team16_ws/install/send_script/lib/send_script
Installing send_script script to /home/robot/workspace2/team16_ws/install/send_script/lib/send_script
writing list of installed files to '/home/robot/workspace2/team16_ws/build/send_script/install.log'
